<?xml version="1.0" encoding="UTF-8"?>
<!-- Generated by org.testng.reporters.JUnitXMLReporter -->
<testsuite hostname="Neils-MacBook-Pro.local" ignored="0" name="Default test" tests="3" failures="0" timestamp="2020-09-07T16:17:45 PDT" time="0.037" errors="0">
  <testcase name="testMethod" time="0.004" classname="com.syntax.class01.DifferentAnnotations"/>
  <testcase name="testMethod2" time="0.001" classname="com.syntax.class01.DifferentAnnotations"/>
  <testcase name="testMethod3" time="0.001" classname="com.syntax.class01.DifferentAnnotations"/>
</testsuite> <!-- Default test -->
