<?xml version="1.0" encoding="UTF-8"?>
<!-- Generated by org.testng.reporters.JUnitXMLReporter -->
<testsuite hostname="Neils-MacBook-Pro.local" ignored="3" name="Test" tests="1" failures="0" timestamp="2020-09-19T09:28:50 PDT" time="2.913" errors="0">
  <testcase name="invalidLogin" time="0.192" classname="com.syntax.class03.GrouptsExample"/>
  <testcase name="multipleLogin" time="0.0" classname="com.syntax.class03.LoginPageTest">
    <ignored/>
  </testcase> <!-- multipleLogin -->
  <testcase name="validLogin" time="0.0" classname="com.syntax.class03.GrouptsExample">
    <ignored/>
  </testcase> <!-- validLogin -->
  <testcase name="addEmployee" time="0.0" classname="com.syntax.class03.HW">
    <ignored/>
  </testcase> <!-- addEmployee -->
</testsuite> <!-- Test -->
