<?xml version="1.0" encoding="UTF-8"?>
<testng-results skipped="0" failed="0" ignored="3" total="4" passed="1">
  <reporter-output>
  </reporter-output>
  <suite name="Regression Suite" duration-ms="2913" started-at="2020-09-19T09:28:47 PDT" finished-at="2020-09-19T09:28:50 PDT">
    <groups>
      <group name="regression">
        <method signature="GrouptsExample.invalidLogin()[pri:0, instance:com.syntax.class03.GrouptsExample@5a8806ef]" name="invalidLogin" class="com.syntax.class03.GrouptsExample"/>
      </group> <!-- regression -->
    </groups>
    <test name="Test" duration-ms="2913" started-at="2020-09-19T09:28:47 PDT" finished-at="2020-09-19T09:28:50 PDT">
      <class name="com.syntax.class03.GrouptsExample">
        <test-method status="PASS" signature="openBrowser()[pri:0, instance:com.syntax.class03.GrouptsExample@5a8806ef]" name="openBrowser" is-config="true" duration-ms="2614" started-at="2020-09-19T09:28:47 PDT" finished-at="2020-09-19T09:28:50 PDT">
          <reporter-output>
          </reporter-output>
        </test-method> <!-- openBrowser -->
        <test-method status="PASS" signature="invalidLogin()[pri:0, instance:com.syntax.class03.GrouptsExample@5a8806ef]" name="invalidLogin" duration-ms="192" started-at="2020-09-19T09:28:50 PDT" finished-at="2020-09-19T09:28:50 PDT">
          <reporter-output>
          </reporter-output>
        </test-method> <!-- invalidLogin -->
        <test-method status="PASS" signature="closeBrowser()[pri:0, instance:com.syntax.class03.GrouptsExample@5a8806ef]" name="closeBrowser" is-config="true" duration-ms="80" started-at="2020-09-19T09:28:50 PDT" finished-at="2020-09-19T09:28:50 PDT">
          <reporter-output>
          </reporter-output>
        </test-method> <!-- closeBrowser -->
      </class> <!-- com.syntax.class03.GrouptsExample -->
    </test> <!-- Test -->
  </suite> <!-- Regression Suite -->
</testng-results>
