<?xml version="1.0" encoding="UTF-8"?>
<testng-results skipped="0" failed="0" ignored="0" total="3" passed="3">
  <reporter-output>
  </reporter-output>
  <suite name="Default suite" duration-ms="37" started-at="2020-09-07T16:17:44 PDT" finished-at="2020-09-07T16:17:44 PDT">
    <groups>
    </groups>
    <test name="Default test" duration-ms="37" started-at="2020-09-07T16:17:44 PDT" finished-at="2020-09-07T16:17:44 PDT">
      <class name="com.syntax.class01.DifferentAnnotations">
        <test-method status="PASS" signature="beforeClass()[pri:0, instance:com.syntax.class01.DifferentAnnotations@627551fb]" name="beforeClass" is-config="true" duration-ms="6" started-at="2020-09-07T16:17:44 PDT" finished-at="2020-09-07T16:17:44 PDT">
          <reporter-output>
          </reporter-output>
        </test-method> <!-- beforeClass -->
        <test-method status="PASS" signature="before()[pri:0, instance:com.syntax.class01.DifferentAnnotations@627551fb]" name="before" is-config="true" duration-ms="0" started-at="2020-09-07T16:17:44 PDT" finished-at="2020-09-07T16:17:44 PDT">
          <reporter-output>
          </reporter-output>
        </test-method> <!-- before -->
        <test-method status="PASS" signature="testMethod()[pri:0, instance:com.syntax.class01.DifferentAnnotations@627551fb]" name="testMethod" duration-ms="4" started-at="2020-09-07T16:17:44 PDT" finished-at="2020-09-07T16:17:44 PDT">
          <reporter-output>
          </reporter-output>
        </test-method> <!-- testMethod -->
        <test-method status="PASS" signature="after()[pri:0, instance:com.syntax.class01.DifferentAnnotations@627551fb]" name="after" is-config="true" duration-ms="0" started-at="2020-09-07T16:17:44 PDT" finished-at="2020-09-07T16:17:44 PDT">
          <reporter-output>
          </reporter-output>
        </test-method> <!-- after -->
        <test-method status="PASS" signature="testMethod2()[pri:0, instance:com.syntax.class01.DifferentAnnotations@627551fb]" name="testMethod2" duration-ms="1" started-at="2020-09-07T16:17:44 PDT" finished-at="2020-09-07T16:17:44 PDT">
          <reporter-output>
          </reporter-output>
        </test-method> <!-- testMethod2 -->
        <test-method status="PASS" signature="before()[pri:0, instance:com.syntax.class01.DifferentAnnotations@627551fb]" name="before" is-config="true" duration-ms="0" started-at="2020-09-07T16:17:44 PDT" finished-at="2020-09-07T16:17:44 PDT">
          <reporter-output>
          </reporter-output>
        </test-method> <!-- before -->
        <test-method status="PASS" signature="testMethod3()[pri:0, instance:com.syntax.class01.DifferentAnnotations@627551fb]" name="testMethod3" duration-ms="1" started-at="2020-09-07T16:17:44 PDT" finished-at="2020-09-07T16:17:44 PDT">
          <reporter-output>
          </reporter-output>
        </test-method> <!-- testMethod3 -->
        <test-method status="PASS" signature="after()[pri:0, instance:com.syntax.class01.DifferentAnnotations@627551fb]" name="after" is-config="true" duration-ms="0" started-at="2020-09-07T16:17:44 PDT" finished-at="2020-09-07T16:17:44 PDT">
          <reporter-output>
          </reporter-output>
        </test-method> <!-- after -->
        <test-method status="PASS" signature="before()[pri:0, instance:com.syntax.class01.DifferentAnnotations@627551fb]" name="before" is-config="true" duration-ms="0" started-at="2020-09-07T16:17:44 PDT" finished-at="2020-09-07T16:17:44 PDT">
          <reporter-output>
          </reporter-output>
        </test-method> <!-- before -->
        <test-method status="PASS" signature="after()[pri:0, instance:com.syntax.class01.DifferentAnnotations@627551fb]" name="after" is-config="true" duration-ms="0" started-at="2020-09-07T16:17:44 PDT" finished-at="2020-09-07T16:17:44 PDT">
          <reporter-output>
          </reporter-output>
        </test-method> <!-- after -->
        <test-method status="PASS" signature="afterClass()[pri:0, instance:com.syntax.class01.DifferentAnnotations@627551fb]" name="afterClass" is-config="true" duration-ms="0" started-at="2020-09-07T16:17:44 PDT" finished-at="2020-09-07T16:17:44 PDT">
          <reporter-output>
          </reporter-output>
        </test-method> <!-- afterClass -->
      </class> <!-- com.syntax.class01.DifferentAnnotations -->
    </test> <!-- Default test -->
  </suite> <!-- Default suite -->
</testng-results>
